<?xml version="1.0" encoding="UTF-8"?>
<!-- Generated by org.testng.reporters.JUnitReportReporter -->
<testsuite hostname="1R-57" failures="0" tests="1" name="tests.com.practice.expandtesting.SecurePasswordCheckerTest" time="8.551" errors="0" timestamp="19 Apr 2024 12:43:32 GMT" skipped="0">
  <testcase classname="tests.com.practice.expandtesting.SecurePasswordCheckerTest" name="PasswordCheckerTesting" time="8.551"/>
</testsuite> <!-- tests.com.practice.expandtesting.SecurePasswordCheckerTest -->
