<?xml version="1.0" encoding="UTF-8"?>
<!-- Generated by org.testng.reporters.JUnitReportReporter -->
<testsuite hostname="1R-57" failures="0" tests="1" name="tests.app.notes.com.practice.expandtesting.LoginPageTest" time="10.714" errors="0" timestamp="09 Apr 2024 11:29:10 GMT" skipped="0">
  <testcase classname="tests.app.notes.com.practice.expandtesting.LoginPageTest" name="loginTesting" time="10.714"/>
</testsuite> <!-- tests.app.notes.com.practice.expandtesting.LoginPageTest -->
