<?xml version="1.0" encoding="UTF-8"?>
<!-- Generated by org.testng.reporters.JUnitReportReporter -->
<testsuite hostname="1R-57" failures="0" tests="1" name="tests.com.practice.expandtesting.InfiniteScrollPageTest" time="10.760" errors="0" timestamp="08 Apr 2024 10:20:47 GMT" skipped="0">
  <testcase classname="tests.com.practice.expandtesting.InfiniteScrollPageTest" name="infiniteScrollTesting" time="10.760"/>
</testsuite> <!-- tests.com.practice.expandtesting.InfiniteScrollPageTest -->
