<?xml version="1.0" encoding="UTF-8"?>
<!-- Generated by org.testng.reporters.JUnitReportReporter -->
<testsuite hostname="1R-57" failures="0" tests="7" name="tests.webpark.com.practice.expandtesting.WebParkPageTest" time="93.294" errors="0" timestamp="24 Apr 2024 13:28:06 GMT" skipped="0">
  <testcase classname="tests.webpark.com.practice.expandtesting.WebParkPageTest" name="paymentDetailsNegativeTesting" time="13.574"/>
  <testcase classname="tests.webpark.com.practice.expandtesting.WebParkPageTest" name="paymentDetailsNegativeTesting" time="13.586"/>
  <testcase classname="tests.webpark.com.practice.expandtesting.WebParkPageTest" name="paymentDetailsNegativeTesting" time="13.075"/>
  <testcase classname="tests.webpark.com.practice.expandtesting.WebParkPageTest" name="paymentDetailsNegativeTesting" time="13.301"/>
  <testcase classname="tests.webpark.com.practice.expandtesting.WebParkPageTest" name="paymentDetailsNegativeTesting" time="12.528"/>
  <testcase classname="tests.webpark.com.practice.expandtesting.WebParkPageTest" name="paymentDetailsNegativeTesting" time="13.904"/>
  <testcase classname="tests.webpark.com.practice.expandtesting.WebParkPageTest" name="paymentDetailsNegativeTesting" time="13.326"/>
</testsuite> <!-- tests.webpark.com.practice.expandtesting.WebParkPageTest -->
