<?xml version="1.0" encoding="UTF-8"?>
<!-- Generated by org.testng.reporters.JUnitReportReporter -->
<testsuite hostname="1R-57" failures="0" tests="1" name="tests.com.practice.expandtesting.JQueryUIMenuPageTest" time="18.143" errors="0" timestamp="27 Mar 2024 11:53:21 GMT" skipped="0">
  <testcase classname="tests.com.practice.expandtesting.JQueryUIMenuPageTest" name="jQueryUIMenuTesting" time="18.143"/>
</testsuite> <!-- tests.com.practice.expandtesting.JQueryUIMenuPageTest -->
