<?xml version="1.0" encoding="UTF-8"?>
<!-- Generated by org.testng.reporters.JUnitReportReporter -->
<testsuite hostname="1R-57" failures="0" tests="1" name="tests.com.practice.expandtesting.IFramePageTest" time="11.249" errors="0" timestamp="27 Mar 2024 10:28:02 GMT" skipped="0">
  <testcase classname="tests.com.practice.expandtesting.IFramePageTest" name="editorIframeTesting" time="11.249"/>
</testsuite> <!-- tests.com.practice.expandtesting.IFramePageTest -->
