<?xml version="1.0" encoding="UTF-8"?>
<!-- Generated by org.testng.reporters.JUnitReportReporter -->
<testsuite hostname="1R-57" failures="0" tests="1" name="tests.com.practice.expandtesting.FloatingMenuPageTest" time="9.135" errors="0" timestamp="05 Apr 2024 12:37:46 GMT" skipped="0">
  <testcase classname="tests.com.practice.expandtesting.FloatingMenuPageTest" name="autoCompleteTesting" time="9.135"/>
</testsuite> <!-- tests.com.practice.expandtesting.FloatingMenuPageTest -->
