<?xml version="1.0" encoding="UTF-8"?>
<!-- Generated by org.testng.reporters.JUnitReportReporter -->
<testsuite hostname="1R-57" failures="0" tests="1" name="tests.com.practice.expandtesting.MultipleWindowsPageTest" time="10.232" errors="0" timestamp="26 Mar 2024 13:48:14 GMT" skipped="0">
  <testcase classname="tests.com.practice.expandtesting.MultipleWindowsPageTest" name="multipleWindowsTesting" time="10.232"/>
</testsuite> <!-- tests.com.practice.expandtesting.MultipleWindowsPageTest -->
