<?xml version="1.0" encoding="UTF-8"?>
<!-- Generated by org.testng.reporters.JUnitReportReporter -->
<testsuite hostname="1R-57" failures="0" tests="1" name="tests.com.practice.expandtesting.EntryAdPageTest" time="9.218" errors="0" timestamp="09 Apr 2024 07:10:28 GMT" skipped="0">
  <testcase classname="tests.com.practice.expandtesting.EntryAdPageTest" name="ExitIntentTesting" time="9.218"/>
</testsuite> <!-- tests.com.practice.expandtesting.EntryAdPageTest -->
