<?xml version="1.0" encoding="UTF-8"?>
<!-- Generated by org.testng.reporters.JUnitReportReporter -->
<testsuite hostname="1R-57" failures="0" tests="1" name="tests.com.practice.expandtesting.ColorWheelPageTest" time="19.172" errors="0" timestamp="26 Apr 2024 12:33:26 GMT" skipped="0">
  <testcase classname="tests.com.practice.expandtesting.ColorWheelPageTest" name="colorWheelTesting" time="19.172"/>
</testsuite> <!-- tests.com.practice.expandtesting.ColorWheelPageTest -->
